0 info it worked if it ends with ok
1 verbose cli [ '/Users/GoreStarry/.nvm/versions/node/v6.4.0/bin/node',
1 verbose cli   '/Users/GoreStarry/.nvm/versions/node/v6.4.0/bin/npm',
1 verbose cli   'run',
1 verbose cli   'e2e' ]
2 info using npm@3.10.3
3 info using node@v6.4.0
4 verbose run-script [ 'pree2e', 'e2e', 'poste2e' ]
5 info lifecycle redux-test@0.0.1~pree2e: redux-test@0.0.1
6 silly lifecycle redux-test@0.0.1~pree2e: no script for pree2e, continuing
7 info lifecycle redux-test@0.0.1~e2e: redux-test@0.0.1
8 verbose lifecycle redux-test@0.0.1~e2e: unsafe-perm in lifecycle true
9 verbose lifecycle redux-test@0.0.1~e2e: PATH: /Users/GoreStarry/.nvm/versions/node/v6.4.0/lib/node_modules/npm/bin/node-gyp-bin:/Users/GoreStarry/Documents/web/testNew/django-react-test/node_modules/.bin:/Users/GoreStarry/.nvm/versions/node/v6.4.0/bin:/Users/GoreStarry/.yarn/bin:~/Library/Android/sdk/tools:~/Library/Android/sdk/platform-tools:/Users/GoreStarry/.nvm/versions/node/v6.4.0/bin:/Users/GoreStarry/bin:/usr/local/bin:/Users/GoreStarry/.yarn/bin:~/Library/Android/sdk/tools:~/Library/Android/sdk/platform-tools:/Users/GoreStarry/bin:/usr/local/bin:/Library/Frameworks/Python.framework/Versions/3.4/bin:/Library/Frameworks/Python.framework/Versions/3.5/bin:/usr/local/bin:/usr/bin:/bin:/usr/sbin:/sbin:/usr/local/git/bin:/Users/GoreStarry/.rvm/bin:/Users/GoreStarry/.rvm/bin
10 verbose lifecycle redux-test@0.0.1~e2e: CWD: /Users/GoreStarry/Documents/web/testNew/django-react-test
11 silly lifecycle redux-test@0.0.1~e2e: Args: [ '-c', 'node frontend/test/e2e/runner.js' ]
12 silly lifecycle redux-test@0.0.1~e2e: Returned: code: 2  signal: null
13 info lifecycle redux-test@0.0.1~e2e: Failed to exec e2e script
14 verbose stack Error: redux-test@0.0.1 e2e: `node frontend/test/e2e/runner.js`
14 verbose stack Exit status 2
14 verbose stack     at EventEmitter.<anonymous> (/Users/GoreStarry/.nvm/versions/node/v6.4.0/lib/node_modules/npm/lib/utils/lifecycle.js:242:16)
14 verbose stack     at emitTwo (events.js:106:13)
14 verbose stack     at EventEmitter.emit (events.js:191:7)
14 verbose stack     at ChildProcess.<anonymous> (/Users/GoreStarry/.nvm/versions/node/v6.4.0/lib/node_modules/npm/lib/utils/spawn.js:40:14)
14 verbose stack     at emitTwo (events.js:106:13)
14 verbose stack     at ChildProcess.emit (events.js:191:7)
14 verbose stack     at maybeClose (internal/child_process.js:852:16)
14 verbose stack     at Process.ChildProcess._handle.onexit (internal/child_process.js:215:5)
15 verbose pkgid redux-test@0.0.1
16 verbose cwd /Users/GoreStarry/Documents/web/testNew/django-react-test
17 error Darwin 15.6.0
18 error argv "/Users/GoreStarry/.nvm/versions/node/v6.4.0/bin/node" "/Users/GoreStarry/.nvm/versions/node/v6.4.0/bin/npm" "run" "e2e"
19 error node v6.4.0
20 error npm  v3.10.3
21 error code ELIFECYCLE
22 error redux-test@0.0.1 e2e: `node frontend/test/e2e/runner.js`
22 error Exit status 2
23 error Failed at the redux-test@0.0.1 e2e script 'node frontend/test/e2e/runner.js'.
23 error Make sure you have the latest version of node.js and npm installed.
23 error If you do, this is most likely a problem with the redux-test package,
23 error not with npm itself.
23 error Tell the author that this fails on your system:
23 error     node frontend/test/e2e/runner.js
23 error You can get information on how to open an issue for this project with:
23 error     npm bugs redux-test
23 error Or if that isn't available, you can get their info via:
23 error     npm owner ls redux-test
23 error There is likely additional logging output above.
24 verbose exit [ 1, true ]
